<?xml version="1.0" encoding="UTF-8"?><testsuite errors="0" failures="0" name="com.bestbuy.bestbuytest.StoresCURDTestWithSteps" skipped="0" tests="4" time="0.96" timestamp="2022-01-11T00:00:10.343Z[Europe/London]"><testcase classname="com.bestbuy.bestbuytest.StoresCURDTestWithSteps" name="This test will create a new stores and verify its generated"/><testcase classname="com.bestbuy.bestbuytest.StoresCURDTestWithSteps" name="This test will get the stores information by ID"/><testcase classname="com.bestbuy.bestbuytest.StoresCURDTestWithSteps" name="This test will update the store information and verify the updated information"/><testcase classname="com.bestbuy.bestbuytest.StoresCURDTestWithSteps" name="This test will delete the store and verify the store is deleted "/></testsuite>