<?xml version="1.0" encoding="UTF-8"?><testsuite errors="0" failures="0" name="com.bestbuy.bestbuytest.CategoriesCRUDTestWithSteps" skipped="0" tests="4" time="32.41" timestamp="2022-01-10T23:59:30.294Z[Europe/London]"><testcase classname="com.bestbuy.bestbuytest.CategoriesCRUDTestWithSteps" name="This test will create a new categories and verify its generated"/><testcase classname="com.bestbuy.bestbuytest.CategoriesCRUDTestWithSteps" name="This test will get the categories information by ID"/><testcase classname="com.bestbuy.bestbuytest.CategoriesCRUDTestWithSteps" name="This test will update the categories information and verify the updated information"/><testcase classname="com.bestbuy.bestbuytest.CategoriesCRUDTestWithSteps" name="This test will delete the categories information and verify the categories is deleted "/></testsuite>